============================= test session starts =============================
platform win32 -- Python 3.14.3, pytest-8.4.2, pluggy-1.6.0
rootdir: C:\Users\afvs1\askQuestionsAboutThisPDF\backend
configfile: pytest.ini
testpaths: tests
plugins: anyio-4.12.1, asyncio-0.26.0
asyncio: mode=Mode.AUTO, asyncio_default_fixture_loop_scope=None, asyncio_default_test_loop_scope=function
collected 58 items / 2 deselected / 56 selected

tests\test_api.py ....                                                   [  7%]
tests\test_chunking.py .........                                         [ 23%]
tests\test_config.py ......                                              [ 33%]
tests\test_embeddings.py ....                                            [ 41%]
tests\test_file_loader.py ....F.                                         [ 51%]
tests\test_llm.py .....                                                  [ 60%]
tests\test_schemas.py ..........                                         [ 78%]
tests\test_storage.py .......                                            [ 91%]
tests\test_vector_store.py .F...                                         [100%]

================================== FAILURES ===================================
__________ TestLoadFileSections.test_unsupported_format_raises_error __________
tests\test_file_loader.py:63: in test_unsupported_format_raises_error
    load_file_sections(incoming)
app\services\file_loader.py:180: in load_file_sections
    raise ValueError(f"Formato de arquivo não suportado: {incoming_file.filename}")
E   ValueError: Formato de arquivo não suportado: test.txt

During handling of the above exception, another exception occurred:
tests\test_file_loader.py:62: in test_unsupported_format_raises_error
    with pytest.raises(ValueError, match="Unsupported file format"):
         ^^^^^^^^^^^^^^^^^^^^^^^^^^^^^^^^^^^^^^^^^^^^^^^^^^^^^^^^^^
E   AssertionError: Regex pattern did not match.
E    Regex: 'Unsupported file format'
E    Input: 'Formato de arquivo não suportado: test.txt'
____________ TestVectorStore.test_add_chunks_mismatch_raises_error ____________
tests\test_vector_store.py:75: in test_add_chunks_mismatch_raises_error
    store.add_chunks(chunks, embeddings)
app\services\vector_store.py:86: in add_chunks
    raise ValueError("Os blocos e embarcados devem ter o mesmo comprimento.")
E   ValueError: Os blocos e embarcados devem ter o mesmo comprimento.

During handling of the above exception, another exception occurred:
tests\test_vector_store.py:74: in test_add_chunks_mismatch_raises_error
    with pytest.raises(ValueError, match="same length"):
         ^^^^^^^^^^^^^^^^^^^^^^^^^^^^^^^^^^^^^^^^^^^^^^
E   AssertionError: Regex pattern did not match.
E    Regex: 'same length'
E    Input: 'Os blocos e embarcados devem ter o mesmo comprimento.'
============================== warnings summary ===============================
tests/test_api.py::TestHealthEndpoint::test_health_returns_ok
  C:\Users\afvs1\AppData\Local\Python\pythoncore-3.14-64\Lib\site-packages\pytest_asyncio\plugin.py:1216: DeprecationWarning: 'asyncio.get_event_loop_policy' is deprecated and slated for removal in Python 3.16
    return asyncio.get_event_loop_policy()

tests/test_api.py: 95 warnings
  C:\Users\afvs1\AppData\Local\Python\pythoncore-3.14-64\Lib\site-packages\chromadb\telemetry\opentelemetry\__init__.py:128: DeprecationWarning: 'asyncio.iscoroutinefunction' is deprecated and slated for removal in Python 3.16; use inspect.iscoroutinefunction() instead
    if asyncio.iscoroutinefunction(f):

tests/test_api.py: 2 warnings
tests/test_vector_store.py: 33 warnings
  C:\Users\afvs1\AppData\Local\Python\pythoncore-3.14-64\Lib\site-packages\chromadb\types.py:144: PydanticDeprecatedSince211: Accessing the 'model_fields' attribute on the instance is deprecated. Instead, you should access this attribute from the model class. Deprecated in Pydantic V2.11 to be removed in V3.0.
    return self.model_fields  # pydantic 2.x

-- Docs: https://docs.pytest.org/en/stable/how-to/capture-warnings.html
=========================== short test summary info ===========================
FAILED tests/test_file_loader.py::TestLoadFileSections::test_unsupported_format_raises_error
FAILED tests/test_vector_store.py::TestVectorStore::test_add_chunks_mismatch_raises_error
========== 2 failed, 54 passed, 2 deselected, 131 warnings in 19.17s ==========

STDERR:

CODE:1